To implement a rolling average for a `geometry_msgs/PointXYZ` in ROS 2 (Humble) using C++, we'll need to store the average point and compare the movement of incoming points to the average. We can use a `std::deque` to maintain a window of the past points and compute the average efficiently. Additionally, we will ensure that the point update only occurs when the movement is not too fast and is parameterized (e.g., update rate, distance threshold).

Here's how you can structure the code:

### Step 1: Define Parameters
- `rolling_window_size`: Number of past points to maintain in the rolling average.
- `distance_threshold`: The maximum distance the point can move (in meters) before the average is updated.
- `time_threshold`: The maximum time (in seconds) between the last point and the current point to allow for updating.

### Step 2: ROS 2 Node Structure
We will use `rclcpp` and `geometry_msgs` to implement this. The code will subscribe to a `PointXYZ` topic and calculate the rolling average.

### Example Implementation

```cpp
#include <rclcpp/rclcpp.hpp>
#include <geometry_msgs/msg/point_xyz.hpp>
#include <deque>
#include <cmath>

class RollingAverageNode : public rclcpp::Node
{
public:
    RollingAverageNode()
    : Node("rolling_average_node")
    {
        // Declare parameters
        this->declare_parameter<int>("rolling_window_size", 10);
        this->declare_parameter<double>("distance_threshold", 0.5);
        this->declare_parameter<double>("time_threshold", 0.2);

        // Get parameters
        this->get_parameter("rolling_window_size", rolling_window_size_);
        this->get_parameter("distance_threshold", distance_threshold_);
        this->get_parameter("time_threshold", time_threshold_);

        // Initialize rolling average
        rolling_average_ = {0.0, 0.0, 0.0};
        last_timestamp_ = this->now();

        // Subscriber to receive PointXYZ messages
        subscription_ = this->create_subscription<geometry_msgs::msg::PointXYZ>(
            "input_point", 10,
            std::bind(&RollingAverageNode::point_callback, this, std::placeholders::_1)
        );
    }

private:
    // ROS 2 member variables
    rclcpp::Subscription<geometry_msgs::msg::PointXYZ>::SharedPtr subscription_;
    
    std::deque<geometry_msgs::msg::PointXYZ> point_history_; // Rolling history of points
    geometry_msgs::msg::PointXYZ rolling_average_; // Current rolling average
    rclcpp::Time last_timestamp_; // Timestamp of the last update

    int rolling_window_size_;
    double distance_threshold_;
    double time_threshold_;

    // Calculate Euclidean distance between two points
    double distance(const geometry_msgs::msg::PointXYZ &p1, const geometry_msgs::msg::PointXYZ &p2)
    {
        return std::sqrt(std::pow(p1.x - p2.x, 2) + std::pow(p1.y - p2.y, 2) + std::pow(p1.z - p2.z, 2));
    }

    // Update the rolling average if conditions are met
    void update_rolling_average(const geometry_msgs::msg::PointXYZ &new_point, rclcpp::Time new_timestamp)
    {
        // Compute the time difference between the last update and the new point
        double time_diff = (new_timestamp - last_timestamp_).seconds();

        // Check if the point moved too quickly or if the time difference is too small
        if (time_diff < time_threshold_ || distance(new_point, rolling_average_) > distance_threshold_)
        {
            RCLCPP_INFO(this->get_logger(), "Skipping update: Too fast or too far from average.");
            return;
        }

        // Add the new point to the history
        point_history_.push_back(new_point);

        // Ensure we don't exceed the rolling window size
        if (point_history_.size() > rolling_window_size_)
        {
            point_history_.pop_front(); // Remove the oldest point
        }

        // Recalculate the average
        double avg_x = 0.0, avg_y = 0.0, avg_z = 0.0;
        for (const auto &point : point_history_)
        {
            avg_x += point.x;
            avg_y += point.y;
            avg_z += point.z;
        }

        rolling_average_.x = avg_x / point_history_.size();
        rolling_average_.y = avg_y / point_history_.size();
        rolling_average_.z = avg_z / point_history_.size();

        // Update the last timestamp
        last_timestamp_ = new_timestamp;

        RCLCPP_INFO(this->get_logger(), "Updated rolling average: (%f, %f, %f)", rolling_average_.x, rolling_average_.y, rolling_average_.z);
    }

    // Callback function for the PointXYZ subscription
    void point_callback(const geometry_msgs::msg::PointXYZ::SharedPtr msg)
    {
        // Update the rolling average with the new point
        update_rolling_average(*msg, this->now());
    }
};

int main(int argc, char **argv)
{
    rclcpp::init(argc, argv);
    rclcpp::spin(std::make_shared<RollingAverageNode>());
    rclcpp::shutdown();
    return 0;
}
```

### Explanation:
1. **Parameters**:
   - `rolling_window_size`: Determines how many points are kept in the history for averaging.
   - `distance_threshold`: Defines how far a new point can be from the rolling average before the average is updated.
   - `time_threshold`: Defines the minimum time difference between the last update and the new point before updating the rolling average.

2. **Main Components**:
   - **`point_callback`**: This function is called every time a new point is received. It checks if the new point should be used to update the rolling average.
   - **`update_rolling_average`**: Updates the rolling average if the movement is not too fast and the time difference is sufficient.
   - **`distance`**: A helper function to compute the Euclidean distance between two `PointXYZ` points.

3. **Rolling Average Calculation**:
   - The point history is kept in a `std::deque`, which allows for easy removal of the oldest points.
   - The average is recomputed whenever a new point is added, ensuring that the average stays accurate as new data comes in.

### Step 3: Parameterize the Node
In ROS 2, parameters can be set via launch files or dynamically at runtime. For example, the parameters in this node can be specified using a launch file:

```xml
<launch>
    <node name="rolling_average_node" pkg="your_package" type="rolling_average_node" output="screen">
        <param name="rolling_window_size" value="10"/>
        <param name="distance_threshold" value="0.5"/>
        <param name="time_threshold" value="0.2"/>
    </node>
</launch>
```

### Step 4: Test and Tune
Once you run the node, you can tune the parameters for `rolling_window_size`, `distance_threshold`, and `time_threshold` based on the characteristics of the input data you're receiving.

Let me know if you need further assistance or adjustments!


The approach you have outlined is a good starting point, but there are several potential flaws or limitations when using this method on a moving drone with a depth camera. Let's break down the most relevant considerations:

### 1. **Sensitivity to Fast Movements**
   - **Problem**: The approach uses the distance between the new point and the rolling average to decide whether to update the average. This approach assumes that any sudden large movement (e.g., the drone quickly changing direction or speed) should not update the average. However, in a drone scenario, fast movements might still be valid measurements, especially in dynamic environments.
   - **Potential Solution**: You could use a combination of the velocity and the acceleration of the drone (which can be inferred from odometry or IMU data) to adjust the threshold dynamically. This could allow for more intelligent filtering based on actual movement rather than arbitrary time and distance thresholds.

### 2. **Inflexible Distance Threshold**
   - **Problem**: The distance threshold (`distance_threshold`) of 0.5 meters is fixed in the current approach. In real-world scenarios, the threshold for valid movement might depend on the context:
     - **For a high-flying drone**, the threshold could be larger (e.g., 1 meter).
     - **For a drone moving close to the object**, a smaller threshold (e.g., 0.1 meters) might be more appropriate.
   - **Potential Solution**: Parameterize the distance threshold based on the drone's altitude or the size of the object being tracked. This would allow for more fine-tuned control.

### 3. **Time Threshold May Not Be Sufficient**
   - **Problem**: The `time_threshold` of 0.2 seconds could be too small for fast-moving drones or for cases where the depth camera provides sparse updates (e.g., low frame rates). This might result in frequent skipping of updates even if they are valid.
   - **Potential Solution**: You could consider using a dynamic time threshold that adjusts based on the relative velocity of the drone. If the drone is moving fast, you might want a larger threshold to account for the faster movement. Alternatively, you could use an adaptive time threshold based on the frequency of point updates from the depth camera.

### 4. **Lack of Velocity and Acceleration Considerations**
   - **Problem**: The current approach doesn't account for the drone's velocity or acceleration. If the drone is moving at a high speed, small errors in tracking could result in large deviations, especially at higher altitudes.
   - **Potential Solution**: Integrating odometry or IMU data to account for the drone's velocity and acceleration could help make more informed decisions about when to update the rolling average. For example, if the drone is moving very fast, you might allow a larger movement threshold for point updates.

### 5. **Computational Complexity with Larger Rolling Window**
   - **Problem**: As the rolling window size increases, recalculating the average can become computationally expensive, especially if you're working with large amounts of data (e.g., a high-frequency camera with many depth points). Each time a new point arrives, you recalculate the average for all points in the history.
   - **Potential Solution**: You could optimize the rolling average by maintaining a running sum of the points (instead of recalculating the sum every time) and adjust the sum when the oldest point is removed and the new point is added. This would significantly reduce the computational load.

### 6. **Edge Cases with Camera Noise or Outliers**
   - **Problem**: Depth cameras are prone to noise, especially in challenging conditions (e.g., low light, reflective surfaces, etc.). This noise could lead to outlier measurements that affect the rolling average. A sudden spike in depth measurements (e.g., caused by a sensor error) might be mistakenly treated as a valid update to the rolling average.
   - **Potential Solution**: Introduce an outlier detection step before updating the rolling average. For example, if the new point's distance to the previous point exceeds a reasonable range based on the current sensor characteristics, it can be discarded or flagged as an outlier.

### 7. **Lag in Response to Drastic Environmental Changes**
   - **Problem**: If the drone is tracking a moving object (e.g., a person or vehicle), it might not update the rolling average quickly enough to keep up with rapid changes in position. Since the rolling average takes into account multiple points, it might "lag" behind the actual movement.
   - **Potential Solution**: Instead of maintaining a static rolling average, you could implement a weighted average where recent points are given higher weights. This would allow the algorithm to react more quickly to changes in the object’s position, which is especially important when the drone is tracking a moving target.

### 8. **Limited Flexibility with Fixed Time and Distance Thresholds**
   - **Problem**: The fixed parameters (time and distance thresholds) might not adapt well to different flight conditions. For instance, during slow movements (e.g., hovering), the thresholds might be too strict, while during high-speed movements, they could be too lenient.
   - **Potential Solution**: Allow dynamic parameter tuning based on drone's motion or environment. For example, adjust the `time_threshold` and `distance_threshold` based on the current speed or altitude of the drone. This can be achieved by incorporating the drone's state (e.g., velocity from IMU or odometry) into the parameter adjustment.

### 9. **Point Distribution (Not Handling Dense Depth Clouds)**
   - **Problem**: Depth cameras often provide dense point clouds. The approach only tracks one point (a single `PointXYZ`), but with depth cameras, it may be more useful to track the centroid or the median of a set of points (e.g., the center of mass of the object being tracked).
   - **Potential Solution**: Instead of just tracking a single point, track the centroid or a representative point of the object in the 3D point cloud. This would make the system more robust to noise and partial occlusions.

### 10. **Outdated Point History**
   - **Problem**: Over time, as the rolling window stores historical points, the oldest points might become outdated or irrelevant, especially in rapidly changing environments. Points from the past may not be as useful when tracking a dynamic object or under conditions of rapid movement.
   - **Potential Solution**: Introduce a time decay factor for the points in the history, where older points contribute less to the average. This would help the rolling average stay more relevant to the current state of the environment.

### Summary of Potential Improvements:
- **Adaptive thresholds** for distance and time based on drone speed, altitude, or environmental factors.
- **Integration of IMU/odometry data** to dynamically adjust thresholds and incorporate velocity/acceleration.
- **Outlier detection** to handle noisy or erroneous depth measurements.
- **Weighted averaging** or **centroid tracking** for better robustness when dealing with dense depth clouds.
- **Optimized computational efficiency** by maintaining running sums for the rolling average.

These improvements will help create a more resilient and adaptable system for tracking points in a 3D space with a moving drone and depth camera. Let me know if you’d like to dive deeper into any specific solution!
